[0724/222756.203:ERROR:process_reader_win.cc(151)] SuspendThread: Access is denied. (0x5)
[0726/222558.416:ERROR:process_reader_win.cc(151)] SuspendThread: Access is denied. (0x5)
[0730/152145.948:ERROR:process_reader_win.cc(151)] SuspendThread: Access is denied. (0x5)
[0808/180557.148:ERROR:process_memory_win.cc(73)] ReadMemory at 0x7ff756f80000 of 64 bytes failed: Only part of a ReadProcessMemory or WriteProcessMemory request was completed. (0x12B)
[0808/180557.167:WARNING:pe_image_reader.cc(340)] could not read dos header from C:\Program Files (x86)\Google\Chrome\Application\chrome.exe
[0808/180557.167:ERROR:process_memory_win.cc(73)] ReadMemory at 0x7ffd07ef0000 of 64 bytes failed: Only part of a ReadProcessMemory or WriteProcessMemory request was completed. (0x12B)
[0808/180557.167:WARNING:pe_image_reader.cc(340)] could not read dos header from C:\WINDOWS\SYSTEM32\ntdll.dll
[0808/180557.167:ERROR:process_memory_win.cc(73)] ReadMemory at 0x7ffd07080000 of 64 bytes failed: Only part of a ReadProcessMemory or WriteProcessMemory request was completed. (0x12B)
[0808/180557.167:WARNING:pe_image_reader.cc(340)] could not read dos header from C:\WINDOWS\System32\KERNEL32.DLL
[0808/180557.167:ERROR:process_memory_win.cc(73)] ReadMemory at 0x7ffd04a80000 of 64 bytes failed: Only part of a ReadProcessMemory or WriteProcessMemory request was completed. (0x12B)
[0808/180557.167:WARNING:pe_image_reader.cc(340)] could not read dos header from C:\WINDOWS\System32\KERNELBASE.dll
[0808/180557.167:ERROR:process_memory_win.cc(73)] ReadMemory at 0x7ffd021f0000 of 64 bytes failed: Only part of a ReadProcessMemory or WriteProcessMemory request was completed. (0x12B)
[0808/180557.168:WARNING:pe_image_reader.cc(340)] could not read dos header from C:\WINDOWS\SYSTEM32\apphelp.dll
[0808/180557.168:ERROR:process_memory_win.cc(73)] ReadMemory at 0x54040000 of 64 bytes failed: Only part of a ReadProcessMemory or WriteProcessMemory request was completed. (0x12B)
[0808/180557.168:WARNING:pe_image_reader.cc(340)] could not read dos header from C:\WINDOWS\System32\SYSFER.DLL
[0808/180557.168:ERROR:process_memory_win.cc(73)] ReadMemory at 0x7ffd06ee0000 of 64 bytes failed: Only part of a ReadProcessMemory or WriteProcessMemory request was completed. (0x12B)
[0808/180557.168:WARNING:pe_image_reader.cc(340)] could not read dos header from C:\WINDOWS\System32\ADVAPI32.dll
[0808/180557.168:ERROR:process_memory_win.cc(73)] ReadMemory at 0x7ffd077c0000 of 64 bytes failed: Only part of a ReadProcessMemory or WriteProcessMemory request was completed. (0x12B)
[0808/180557.168:WARNING:pe_image_reader.cc(340)] could not read dos header from C:\WINDOWS\System32\msvcrt.dll
[0808/180557.168:ERROR:process_memory_win.cc(73)] ReadMemory at 0x7ffd075d0000 of 64 bytes failed: Only part of a ReadProcessMemory or WriteProcessMemory request was completed. (0x12B)
[0808/180557.168:WARNING:pe_image_reader.cc(340)] could not read dos header from C:\WINDOWS\System32\sechost.dll
[0808/180557.168:ERROR:process_memory_win.cc(73)] ReadMemory at 0x7ffd07940000 of 64 bytes failed: Only part of a ReadProcessMemory or WriteProcessMemory request was completed. (0x12B)
[0808/180557.168:WARNING:pe_image_reader.cc(340)] could not read dos header from C:\WINDOWS\System32\RPCRT4.dll
[0808/180557.168:ERROR:process_memory_win.cc(73)] ReadMemory at 0x7ffd05aa0000 of 64 bytes failed: Only part of a ReadProcessMemory or WriteProcessMemory request was completed. (0x12B)
[0808/180557.168:WARNING:pe_image_reader.cc(340)] could not read dos header from C:\WINDOWS\System32\SHELL32.dll
[0808/180557.169:ERROR:process_memory_win.cc(73)] ReadMemory at 0x7ffd04d00000 of 64 bytes failed: Only part of a ReadProcessMemory or WriteProcessMemory request was completed. (0x12B)
[0808/180557.169:WARNING:pe_image_reader.cc(340)] could not read dos header from C:\WINDOWS\System32\cfgmgr32.dll
[0808/180557.169:ERROR:process_memory_win.cc(73)] ReadMemory at 0x7ffd05090000 of 64 bytes failed: Only part of a ReadProcessMemory or WriteProcessMemory request was completed. (0x12B)
[0808/180557.169:WARNING:pe_image_reader.cc(340)] could not read dos header from C:\WINDOWS\System32\ucrtbase.dll
[0808/180557.169:ERROR:process_memory_win.cc(73)] ReadMemory at 0x7ffd07170000 of 64 bytes failed: Only part of a ReadProcessMemory or WriteProcessMemory request was completed. (0x12B)
[0808/180557.169:WARNING:pe_image_reader.cc(340)] could not read dos header from C:\WINDOWS\System32\shcore.dll
[0808/180557.169:ERROR:process_memory_win.cc(73)] ReadMemory at 0x7ffd072a0000 of 64 bytes failed: Only part of a ReadProcessMemory or WriteProcessMemory request was completed. (0x12B)
[0808/180557.169:WARNING:pe_image_reader.cc(340)] could not read dos header from C:\WINDOWS\System32\combase.dll
[0808/180557.169:ERROR:process_memory_win.cc(73)] ReadMemory at 0x7ffd04f70000 of 64 bytes failed: Only part of a ReadProcessMemory or WriteProcessMemory request was completed. (0x12B)
[0808/180557.169:WARNING:pe_image_reader.cc(340)] could not read dos header from C:\WINDOWS\System32\bcryptPrimitives.dll
[0808/180557.169:ERROR:process_memory_win.cc(73)] ReadMemory at 0x7ffd042c0000 of 64 bytes failed: Only part of a ReadProcessMemory or WriteProcessMemory request was completed. (0x12B)
[0808/180557.169:WARNING:pe_image_reader.cc(340)] could not read dos header from C:\WINDOWS\System32\windows.storage.dll
[0808/180557.169:ERROR:process_memory_win.cc(73)] ReadMemory at 0x7ffd07a70000 of 64 bytes failed: Only part of a ReadProcessMemory or WriteProcessMemory request was completed. (0x12B)
[0808/180557.169:WARNING:pe_image_reader.cc(340)] could not read dos header from C:\WINDOWS\System32\shlwapi.dll
[0808/180557.170:ERROR:process_memory_win.cc(73)] ReadMemory at 0x7ffd058d0000 of 64 bytes failed: Only part of a ReadProcessMemory or WriteProcessMemory request was completed. (0x12B)
[0808/180557.170:WARNING:pe_image_reader.cc(340)] could not read dos header from C:\WINDOWS\System32\GDI32.dll
[0808/180557.170:ERROR:process_memory_win.cc(73)] ReadMemory at 0x7ffd04d50000 of 64 bytes failed: Only part of a ReadProcessMemory or WriteProcessMemory request was completed. (0x12B)
[0808/180557.170:WARNING:pe_image_reader.cc(340)] could not read dos header from C:\WINDOWS\System32\gdi32full.dll
[0808/180557.170:ERROR:process_memory_win.cc(73)] ReadMemory at 0x7ffd04ff0000 of 64 bytes failed: Only part of a ReadProcessMemory or WriteProcessMemory request was completed. (0x12B)
[0808/180557.170:WARNING:pe_image_reader.cc(340)] could not read dos header from C:\WINDOWS\System32\msvcp_win.dll
[0808/180557.170:ERROR:process_memory_win.cc(73)] ReadMemory at 0x7ffd07630000 of 64 bytes failed: Only part of a ReadProcessMemory or WriteProcessMemory request was completed. (0x12B)
[0808/180557.170:WARNING:pe_image_reader.cc(340)] could not read dos header from C:\WINDOWS\System32\USER32.dll
[0808/180557.170:ERROR:process_memory_win.cc(73)] ReadMemory at 0x7ffd04f50000 of 64 bytes failed: Only part of a ReadProcessMemory or WriteProcessMemory request was completed. (0x12B)
[0808/180557.170:WARNING:pe_image_reader.cc(340)] could not read dos header from C:\WINDOWS\System32\win32u.dll
[0808/180557.170:ERROR:process_memory_win.cc(73)] ReadMemory at 0x7ffd04270000 of 64 bytes failed: Only part of a ReadProcessMemory or WriteProcessMemory request was completed. (0x12B)
[0808/180557.170:WARNING:pe_image_reader.cc(340)] could not read dos header from C:\WINDOWS\System32\kernel.appcore.dll
[0808/180557.170:ERROR:process_memory_win.cc(73)] ReadMemory at 0x7ffd04290000 of 64 bytes failed: Only part of a ReadProcessMemory or WriteProcessMemory request was completed. (0x12B)
[0808/180557.170:WARNING:pe_image_reader.cc(340)] could not read dos header from C:\WINDOWS\System32\profapi.dll
[0808/180557.170:ERROR:process_memory_win.cc(73)] ReadMemory at 0x7ffd04220000 of 64 bytes failed: Only part of a ReadProcessMemory or WriteProcessMemory request was completed. (0x12B)
[0808/180557.170:WARNING:pe_image_reader.cc(340)] could not read dos header from C:\WINDOWS\System32\powrprof.dll
[0808/180557.170:ERROR:process_memory_win.cc(73)] ReadMemory at 0x7ffd042b0000 of 64 bytes failed: Only part of a ReadProcessMemory or WriteProcessMemory request was completed. (0x12B)
[0808/180557.170:WARNING:pe_image_reader.cc(340)] could not read dos header from C:\WINDOWS\System32\FLTLIB.DLL
[0808/180557.171:ERROR:process_memory_win.cc(73)] ReadMemory at 0x7ffcb7cf0000 of 64 bytes failed: Only part of a ReadProcessMemory or WriteProcessMemory request was completed. (0x12B)
[0808/180557.171:WARNING:pe_image_reader.cc(340)] could not read dos header from C:\Program Files (x86)\Google\Chrome\Application\75.0.3770.142\chrome_elf.dll
[0808/180557.171:ERROR:process_memory_win.cc(73)] ReadMemory at 0x7ffcfa0c0000 of 64 bytes failed: Only part of a ReadProcessMemory or WriteProcessMemory request was completed. (0x12B)
[0808/180557.171:WARNING:pe_image_reader.cc(340)] could not read dos header from C:\WINDOWS\SYSTEM32\VERSION.dll
[0808/180557.171:ERROR:process_memory_win.cc(73)] ReadMemory at 0x7ffcffe80000 of 64 bytes failed: Only part of a ReadProcessMemory or WriteProcessMemory request was completed. (0x12B)
[0808/180557.171:WARNING:pe_image_reader.cc(340)] could not read dos header from C:\WINDOWS\SYSTEM32\WINMM.dll
[0808/180557.171:ERROR:process_memory_win.cc(73)] ReadMemory at 0x7ffd04130000 of 64 bytes failed: Only part of a ReadProcessMemory or WriteProcessMemory request was completed. (0x12B)
[0808/180557.171:WARNING:pe_image_reader.cc(340)] could not read dos header from C:\WINDOWS\SYSTEM32\USERENV.dll
[0808/180557.171:ERROR:process_memory_win.cc(73)] ReadMemory at 0x7ffcffe50000 of 64 bytes failed: Only part of a ReadProcessMemory or WriteProcessMemory request was completed. (0x12B)
[0808/180557.171:WARNING:pe_image_reader.cc(340)] could not read dos header from C:\WINDOWS\SYSTEM32\WINMMBASE.dll
[0808/180557.171:ERROR:process_memory_win.cc(73)] ReadMemory at 0x7ffd03c50000 of 64 bytes failed: Only part of a ReadProcessMemory or WriteProcessMemory request was completed. (0x12B)
[0808/180557.171:WARNING:pe_image_reader.cc(340)] could not read dos header from C:\WINDOWS\SYSTEM32\CRYPTBASE.DLL
[0808/180557.171:ERROR:process_memory_win.cc(73)] ReadMemory at 0x7ffd057d0000 of 64 bytes failed: Only part of a ReadProcessMemory or WriteProcessMemory request was completed. (0x12B)
[0808/180557.171:WARNING:pe_image_reader.cc(340)] could not read dos header from C:\WINDOWS\System32\IMM32.DLL
[0808/180557.171:ERROR:process_memory_win.cc(73)] ReadMemory at 0x7ffd02ec0000 of 64 bytes failed: Only part of a ReadProcessMemory or WriteProcessMemory request was completed. (0x12B)
[0808/180557.171:WARNING:pe_image_reader.cc(340)] could not read dos header from C:\Program Files\Avecto\Privilege Guard Client\PGHook.dll
[0808/180557.171:ERROR:process_memory_win.cc(73)] ReadMemory at 0x7ffd03c30000 of 64 bytes failed: Only part of a ReadProcessMemory or WriteProcessMemory request was completed. (0x12B)
[0808/180557.171:WARNING:pe_image_reader.cc(340)] could not read dos header from C:\WINDOWS\SYSTEM32\CRYPTSP.dll
[0808/180557.172:ERROR:process_memory_win.cc(73)] ReadMemory at 0x7ffd03440000 of 64 bytes failed: Only part of a ReadProcessMemory or WriteProcessMemory request was completed. (0x12B)
[0808/180557.172:WARNING:pe_image_reader.cc(340)] could not read dos header from C:\WINDOWS\system32\rsaenh.dll
[0808/180557.172:ERROR:process_memory_win.cc(73)] ReadMemory at 0x7ffd03d60000 of 64 bytes failed: Only part of a ReadProcessMemory or WriteProcessMemory request was completed. (0x12B)
[0808/180557.172:WARNING:pe_image_reader.cc(340)] could not read dos header from C:\WINDOWS\SYSTEM32\bcrypt.dll
[0808/180557.172:ERROR:process_memory_win.cc(73)] ReadMemory at 0x7ffd07ad0000 of 64 bytes failed: Only part of a ReadProcessMemory or WriteProcessMemory request was completed. (0x12B)
[0808/180557.172:WARNING:pe_image_reader.cc(340)] could not read dos header from C:\WINDOWS\System32\PSAPI.DLL
[0808/180557.172:ERROR:process_memory_win.cc(73)] ReadMemory at 0x7ffcae230000 of 64 bytes failed: Only part of a ReadProcessMemory or WriteProcessMemory request was completed. (0x12B)
[0808/180557.172:WARNING:pe_image_reader.cc(340)] could not read dos header from C:\Program Files (x86)\Google\Chrome\Application\75.0.3770.142\chrome_child.dll
[0808/180557.172:ERROR:process_memory_win.cc(73)] ReadMemory at 0x7ffd07230000 of 64 bytes failed: Only part of a ReadProcessMemory or WriteProcessMemory request was completed. (0x12B)
[0808/180557.172:WARNING:pe_image_reader.cc(340)] could not read dos header from C:\WINDOWS\System32\WS2_32.dll
[0808/180557.172:ERROR:process_memory_win.cc(73)] ReadMemory at 0x7ffd07ae0000 of 64 bytes failed: Only part of a ReadProcessMemory or WriteProcessMemory request was completed. (0x12B)
[0808/180557.172:WARNING:pe_image_reader.cc(340)] could not read dos header from C:\WINDOWS\System32\ole32.dll
[0808/180557.172:ERROR:process_memory_win.cc(73)] ReadMemory at 0x7ffd05800000 of 64 bytes failed: Only part of a ReadProcessMemory or WriteProcessMemory request was completed. (0x12B)
[0808/180557.172:WARNING:pe_image_reader.cc(340)] could not read dos header from C:\WINDOWS\System32\OLEAUT32.dll
[0808/180557.172:ERROR:process_memory_win.cc(73)] ReadMemory at 0x7ffd04ef0000 of 64 bytes failed: Only part of a ReadProcessMemory or WriteProcessMemory request was completed. (0x12B)
[0808/180557.172:WARNING:pe_image_reader.cc(340)] could not read dos header from C:\WINDOWS\System32\WINTRUST.dll
[0808/180557.172:ERROR:process_memory_win.cc(73)] ReadMemory at 0x7ffd04200000 of 64 bytes failed: Only part of a ReadProcessMemory or WriteProcessMemory request was completed. (0x12B)
[0808/180557.173:WARNING:pe_image_reader.cc(340)] could not read dos header from C:\WINDOWS\System32\MSASN1.dll
[0808/180557.173:ERROR:process_memory_win.cc(73)] ReadMemory at 0x7ffd05190000 of 64 bytes failed: Only part of a ReadProcessMemory or WriteProcessMemory request was completed. (0x12B)
[0808/180557.173:WARNING:pe_image_reader.cc(340)] could not read dos header from C:\WINDOWS\System32\CRYPT32.dll
[0808/180557.173:ERROR:process_memory_win.cc(73)] ReadMemory at 0x7ffd06f90000 of 64 bytes failed: Only part of a ReadProcessMemory or WriteProcessMemory request was completed. (0x12B)
[0808/180557.173:WARNING:pe_image_reader.cc(340)] could not read dos header from C:\WINDOWS\System32\COMDLG32.dll
[0808/180557.173:ERROR:process_memory_win.cc(73)] ReadMemory at 0x7ffd03810000 of 64 bytes failed: Only part of a ReadProcessMemory or WriteProcessMemory request was completed. (0x12B)
[0808/180557.173:WARNING:pe_image_reader.cc(340)] could not read dos header from C:\WINDOWS\SYSTEM32\IPHLPAPI.DLL
[0808/180557.173:ERROR:process_memory_win.cc(73)] ReadMemory at 0x7ffcec9f0000 of 64 bytes failed: Only part of a ReadProcessMemory or WriteProcessMemory request was completed. (0x12B)
[0808/180557.173:WARNING:pe_image_reader.cc(340)] could not read dos header from C:\WINDOWS\SYSTEM32\OLEACC.dll
[0808/180557.173:ERROR:process_memory_win.cc(73)] ReadMemory at 0x7ffcf1800000 of 64 bytes failed: Only part of a ReadProcessMemory or WriteProcessMemory request was completed. (0x12B)
[0808/180557.173:WARNING:pe_image_reader.cc(340)] could not read dos header from C:\WINDOWS\SYSTEM32\UIAutomationCore.DLL
[0808/180557.173:ERROR:process_memory_win.cc(73)] ReadMemory at 0x7ffcff710000 of 64 bytes failed: Only part of a ReadProcessMemory or WriteProcessMemory request was completed. (0x12B)
[0808/180557.173:WARNING:pe_image_reader.cc(340)] could not read dos header from C:\WINDOWS\SYSTEM32\WTSAPI32.dll
[0808/180557.173:ERROR:process_memory_win.cc(73)] ReadMemory at 0x7ffcf73e0000 of 64 bytes failed: Only part of a ReadProcessMemory or WriteProcessMemory request was completed. (0x12B)
[0808/180557.173:WARNING:pe_image_reader.cc(340)] could not read dos header from C:\WINDOWS\SYSTEM32\DWrite.dll
[0808/180557.174:ERROR:process_memory_win.cc(73)] ReadMemory at 0x7ffd02c20000 of 64 bytes failed: Only part of a ReadProcessMemory or WriteProcessMemory request was completed. (0x12B)
[0808/180557.174:WARNING:pe_image_reader.cc(340)] could not read dos header from C:\WINDOWS\SYSTEM32\dxgi.dll
[0808/180557.174:ERROR:process_memory_win.cc(73)] ReadMemory at 0x7ffcfa0d0000 of 64 bytes failed: Only part of a ReadProcessMemory or WriteProcessMemory request was completed. (0x12B)
[0808/180557.174:WARNING:pe_image_reader.cc(340)] could not read dos header from C:\WINDOWS\SYSTEM32\WINSPOOL.DRV
[0808/180557.174:ERROR:process_memory_win.cc(73)] ReadMemory at 0x7ffcede90000 of 64 bytes failed: Only part of a ReadProcessMemory or WriteProcessMemory request was completed. (0x12B)
[0808/180557.174:WARNING:pe_image_reader.cc(340)] could not read dos header from C:\WINDOWS\SYSTEM32\dbghelp.dll
[0808/180557.174:ERROR:process_memory_win.cc(73)] ReadMemory at 0x7ffcf5760000 of 64 bytes failed: Only part of a ReadProcessMemory or WriteProcessMemory request was completed. (0x12B)
[0808/180557.174:WARNING:pe_image_reader.cc(340)] could not read dos header from C:\WINDOWS\WinSxS\amd64_microsoft.windows.common-controls_6595b64144ccf1df_6.0.17134.885_none_fb42a3473065565f\COMCTL32.dll
[0808/180557.174:ERROR:process_memory_win.cc(73)] ReadMemory at 0x7ffcb9f20000 of 64 bytes failed: Only part of a ReadProcessMemory or WriteProcessMemory request was completed. (0x12B)
[0808/180557.174:WARNING:pe_image_reader.cc(340)] could not read dos header from C:\WINDOWS\SYSTEM32\USP10.dll
[0808/180557.174:ERROR:process_memory_win.cc(73)] ReadMemory at 0x7ffcf7bd0000 of 64 bytes failed: Only part of a ReadProcessMemory or WriteProcessMemory request was completed. (0x12B)
[0808/180557.174:WARNING:pe_image_reader.cc(340)] could not read dos header from C:\WINDOWS\SYSTEM32\WINHTTP.dll
[0808/180557.175:ERROR:process_memory_win.cc(73)] ReadMemory at 0x7ffcf7900000 of 64 bytes failed: Only part of a ReadProcessMemory or WriteProcessMemory request was completed. (0x12B)
[0808/180557.175:WARNING:pe_image_reader.cc(340)] could not read dos header from C:\WINDOWS\SYSTEM32\urlmon.dll
[0808/180557.175:ERROR:process_memory_win.cc(73)] ReadMemory at 0x7ffcfd940000 of 64 bytes failed: Only part of a ReadProcessMemory or WriteProcessMemory request was completed. (0x12B)
[0808/180557.175:WARNING:pe_image_reader.cc(340)] could not read dos header from C:\WINDOWS\SYSTEM32\Secur32.dll
[0808/180557.175:ERROR:process_memory_win.cc(73)] ReadMemory at 0x7ffcff6d0000 of 64 bytes failed: Only part of a ReadProcessMemory or WriteProcessMemory request was completed. (0x12B)
[0808/180557.175:WARNING:pe_image_reader.cc(340)] could not read dos header from C:\WINDOWS\SYSTEM32\dhcpcsvc.DLL
[0808/180557.175:ERROR:process_memory_win.cc(73)] ReadMemory at 0x7ffd07160000 of 64 bytes failed: Only part of a ReadProcessMemory or WriteProcessMemory request was completed. (0x12B)
[0808/180557.175:WARNING:pe_image_reader.cc(340)] could not read dos header from C:\WINDOWS\System32\NSI.dll
[0808/180557.175:ERROR:process_memory_win.cc(73)] ReadMemory at 0x7ffd015f0000 of 64 bytes failed: Only part of a ReadProcessMemory or WriteProcessMemory request was completed. (0x12B)
[0808/180557.175:WARNING:pe_image_reader.cc(340)] could not read dos header from C:\WINDOWS\SYSTEM32\PROPSYS.dll
[0808/180557.175:ERROR:process_memory_win.cc(73)] ReadMemory at 0x7ffcf7f60000 of 64 bytes failed: Only part of a ReadProcessMemory or WriteProcessMemory request was completed. (0x12B)
[0808/180557.175:WARNING:pe_image_reader.cc(340)] could not read dos header from C:\WINDOWS\SYSTEM32\iertutil.dll
[0808/180557.175:ERROR:process_memory_win.cc(73)] ReadMemory at 0x7ffd04100000 of 64 bytes failed: Only part of a ReadProcessMemory or WriteProcessMemory request was completed. (0x12B)
[0808/180557.175:WARNING:pe_image_reader.cc(340)] could not read dos header from C:\WINDOWS\SYSTEM32\SSPICLI.DLL
[0808/180557.204:ERROR:process_memory_win.cc(73)] ReadMemory at 0x1201000 of 2093056 bytes failed: Only part of a ReadProcessMemory or WriteProcessMemory request was completed. (0x12B)
[0808/180557.215:ERROR:process_memory_win.cc(73)] ReadMemory at 0x119f000 of 852 bytes failed: Only part of a ReadProcessMemory or WriteProcessMemory request was completed. (0x12B)
[0808/180557.216:ERROR:process_memory_win.cc(73)] ReadMemory at 0x11a0000 of 6024 bytes failed: Only part of a ReadProcessMemory or WriteProcessMemory request was completed. (0x12B)
[0808/180557.216:ERROR:process_memory_win.cc(73)] ReadMemory at 0x1510fc0 of 13256 bytes failed: Only part of a ReadProcessMemory or WriteProcessMemory request was completed. (0x12B)
[0808/180557.216:ERROR:process_memory_win.cc(73)] ReadMemory at 0x1514390 of 1012 bytes failed: Only part of a ReadProcessMemory or WriteProcessMemory request was completed. (0x12B)
[0808/180557.216:ERROR:process_memory_win.cc(73)] ReadMemory at 0x15149a8 of 144 bytes failed: Only part of a ReadProcessMemory or WriteProcessMemory request was completed. (0x12B)
[0808/180557.216:ERROR:process_memory_win.cc(73)] ReadMemory at 0x1514a3a of 118 bytes failed: Only part of a ReadProcessMemory or WriteProcessMemory request was completed. (0x12B)
[0808/180557.216:ERROR:process_memory_win.cc(73)] ReadMemory at 0x1514ab2 of 1042 bytes failed: Only part of a ReadProcessMemory or WriteProcessMemory request was completed. (0x12B)
[0808/180557.217:ERROR:process_memory_win.cc(73)] ReadMemory at 0x1514ec6 of 118 bytes failed: Only part of a ReadProcessMemory or WriteProcessMemory request was completed. (0x12B)
[0808/180557.217:ERROR:process_memory_win.cc(73)] ReadMemory at 0x1514f3e of 96 bytes failed: Only part of a ReadProcessMemory or WriteProcessMemory request was completed. (0x12B)
[0808/180557.217:ERROR:process_memory_win.cc(73)] ReadMemory at 0x1514fb0 of 58 bytes failed: Only part of a ReadProcessMemory or WriteProcessMemory request was completed. (0x12B)
[0808/180557.217:ERROR:process_memory_win.cc(73)] ReadMemory at 0x1515150 of 132 bytes failed: Only part of a ReadProcessMemory or WriteProcessMemory request was completed. (0x12B)
[0808/180557.217:ERROR:process_memory_win.cc(73)] ReadMemory at 0x15152e0 of 132 bytes failed: Only part of a ReadProcessMemory or WriteProcessMemory request was completed. (0x12B)
[0808/180557.217:ERROR:process_memory_win.cc(73)] ReadMemory at 0x15154a0 of 126 bytes failed: Only part of a ReadProcessMemory or WriteProcessMemory request was completed. (0x12B)
[0808/180557.217:ERROR:process_memory_win.cc(73)] ReadMemory at 0x1515880 of 132 bytes failed: Only part of a ReadProcessMemory or WriteProcessMemory request was completed. (0x12B)
[0808/180557.217:ERROR:process_memory_win.cc(73)] ReadMemory at 0x1515a10 of 64 bytes failed: Only part of a ReadProcessMemory or WriteProcessMemory request was completed. (0x12B)
[0808/180557.217:ERROR:process_memory_win.cc(73)] ReadMemory at 0x1515b70 of 132 bytes failed: Only part of a ReadProcessMemory or WriteProcessMemory request was completed. (0x12B)
[0808/180557.218:ERROR:process_memory_win.cc(73)] ReadMemory at 0x1515d70 of 62 bytes failed: Only part of a ReadProcessMemory or WriteProcessMemory request was completed. (0x12B)
[0808/180557.218:ERROR:process_memory_win.cc(73)] ReadMemory at 0x1515e60 of 132 bytes failed: Only part of a ReadProcessMemory or WriteProcessMemory request was completed. (0x12B)
[0808/180557.218:ERROR:process_memory_win.cc(73)] ReadMemory at 0x1515ff0 of 68 bytes failed: Only part of a ReadProcessMemory or WriteProcessMemory request was completed. (0x12B)
[0808/180557.218:ERROR:process_memory_win.cc(73)] ReadMemory at 0x151c2b0 of 60 bytes failed: Only part of a ReadProcessMemory or WriteProcessMemory request was completed. (0x12B)
[0808/180557.218:ERROR:process_memory_win.cc(73)] ReadMemory at 0x151cc00 of 132 bytes failed: Only part of a ReadProcessMemory or WriteProcessMemory request was completed. (0x12B)
[0808/180557.218:ERROR:process_memory_win.cc(73)] ReadMemory at 0x151cd90 of 64 bytes failed: Only part of a ReadProcessMemory or WriteProcessMemory request was completed. (0x12B)
[0808/180557.218:ERROR:process_memory_win.cc(73)] ReadMemory at 0x151fe00 of 132 bytes failed: Only part of a ReadProcessMemory or WriteProcessMemory request was completed. (0x12B)
[0808/180557.218:ERROR:process_memory_win.cc(73)] ReadMemory at 0x15200b0 of 132 bytes failed: Only part of a ReadProcessMemory or WriteProcessMemory request was completed. (0x12B)
[0808/180557.218:ERROR:process_memory_win.cc(73)] ReadMemory at 0x15201e0 of 60 bytes failed: Only part of a ReadProcessMemory or WriteProcessMemory request was completed. (0x12B)
[0808/180557.219:ERROR:process_memory_win.cc(73)] ReadMemory at 0x1520400 of 132 bytes failed: Only part of a ReadProcessMemory or WriteProcessMemory request was completed. (0x12B)
[0808/180557.219:ERROR:process_memory_win.cc(73)] ReadMemory at 0x1520590 of 62 bytes failed: Only part of a ReadProcessMemory or WriteProcessMemory request was completed. (0x12B)
[0808/180557.219:ERROR:process_memory_win.cc(73)] ReadMemory at 0x1520790 of 132 bytes failed: Only part of a ReadProcessMemory or WriteProcessMemory request was completed. (0x12B)
[0808/180557.219:ERROR:process_memory_win.cc(73)] ReadMemory at 0x1520920 of 60 bytes failed: Only part of a ReadProcessMemory or WriteProcessMemory request was completed. (0x12B)
[0808/180557.219:ERROR:process_memory_win.cc(73)] ReadMemory at 0x1520d40 of 132 bytes failed: Only part of a ReadProcessMemory or WriteProcessMemory request was completed. (0x12B)
[0808/180557.219:ERROR:process_memory_win.cc(73)] ReadMemory at 0x1520f50 of 132 bytes failed: Only part of a ReadProcessMemory or WriteProcessMemory request was completed. (0x12B)
[0808/180557.219:ERROR:process_memory_win.cc(73)] ReadMemory at 0x15210e0 of 62 bytes failed: Only part of a ReadProcessMemory or WriteProcessMemory request was completed. (0x12B)
[0808/180557.219:ERROR:process_memory_win.cc(73)] ReadMemory at 0x15214e0 of 132 bytes failed: Only part of a ReadProcessMemory or WriteProcessMemory request was completed. (0x12B)
[0808/180557.219:ERROR:process_memory_win.cc(73)] ReadMemory at 0x1521670 of 64 bytes failed: Only part of a ReadProcessMemory or WriteProcessMemory request was completed. (0x12B)
[0808/180557.220:ERROR:process_memory_win.cc(73)] ReadMemory at 0x15218c0 of 132 bytes failed: Only part of a ReadProcessMemory or WriteProcessMemory request was completed. (0x12B)
[0808/180557.220:ERROR:process_memory_win.cc(73)] ReadMemory at 0x1521aa0 of 58 bytes failed: Only part of a ReadProcessMemory or WriteProcessMemory request was completed. (0x12B)
[0808/180557.220:ERROR:process_memory_win.cc(73)] ReadMemory at 0x1521af0 of 62 bytes failed: Only part of a ReadProcessMemory or WriteProcessMemory request was completed. (0x12B)
[0808/180557.220:ERROR:process_memory_win.cc(73)] ReadMemory at 0x1521b40 of 62 bytes failed: Only part of a ReadProcessMemory or WriteProcessMemory request was completed. (0x12B)
[0808/180557.220:ERROR:process_memory_win.cc(73)] ReadMemory at 0x1521b90 of 60 bytes failed: Only part of a ReadProcessMemory or WriteProcessMemory request was completed. (0x12B)
[0808/180557.220:ERROR:process_memory_win.cc(73)] ReadMemory at 0x1521be0 of 58 bytes failed: Only part of a ReadProcessMemory or WriteProcessMemory request was completed. (0x12B)
[0808/180557.220:ERROR:process_memory_win.cc(73)] ReadMemory at 0x1521c30 of 60 bytes failed: Only part of a ReadProcessMemory or WriteProcessMemory request was completed. (0x12B)
[0808/180557.220:ERROR:process_memory_win.cc(73)] ReadMemory at 0x1521c80 of 60 bytes failed: Only part of a ReadProcessMemory or WriteProcessMemory request was completed. (0x12B)
[0808/180557.221:ERROR:process_memory_win.cc(73)] ReadMemory at 0x1521cd0 of 62 bytes failed: Only part of a ReadProcessMemory or WriteProcessMemory request was completed. (0x12B)
[0808/180557.221:ERROR:process_memory_win.cc(73)] ReadMemory at 0x1521e10 of 62 bytes failed: Only part of a ReadProcessMemory or WriteProcessMemory request was completed. (0x12B)
[0808/180557.221:ERROR:process_memory_win.cc(73)] ReadMemory at 0x1521e60 of 60 bytes failed: Only part of a ReadProcessMemory or WriteProcessMemory request was completed. (0x12B)
[0808/180557.221:ERROR:process_memory_win.cc(73)] ReadMemory at 0x1521f50 of 66 bytes failed: Only part of a ReadProcessMemory or WriteProcessMemory request was completed. (0x12B)
[0808/180557.221:ERROR:process_memory_win.cc(73)] ReadMemory at 0x1521fa0 of 64 bytes failed: Only part of a ReadProcessMemory or WriteProcessMemory request was completed. (0x12B)
[0808/180557.221:ERROR:process_memory_win.cc(73)] ReadMemory at 0x1522090 of 62 bytes failed: Only part of a ReadProcessMemory or WriteProcessMemory request was completed. (0x12B)
[0808/180557.221:ERROR:process_memory_win.cc(73)] ReadMemory at 0x1522130 of 66 bytes failed: Only part of a ReadProcessMemory or WriteProcessMemory request was completed. (0x12B)
[0808/180557.221:ERROR:process_memory_win.cc(73)] ReadMemory at 0x1522180 of 64 bytes failed: Only part of a ReadProcessMemory or WriteProcessMemory request was completed. (0x12B)
[0808/180557.221:ERROR:process_memory_win.cc(73)] ReadMemory at 0x1522440 of 132 bytes failed: Only part of a ReadProcessMemory or WriteProcessMemory request was completed. (0x12B)
[0808/180557.221:ERROR:process_memory_win.cc(73)] ReadMemory at 0x1522620 of 80 bytes failed: Only part of a ReadProcessMemory or WriteProcessMemory request was completed. (0x12B)
[0808/180557.222:ERROR:process_memory_win.cc(73)] ReadMemory at 0x1522bc0 of 76 bytes failed: Only part of a ReadProcessMemory or WriteProcessMemory request was completed. (0x12B)
[0808/180557.222:ERROR:process_memory_win.cc(73)] ReadMemory at 0x1522c20 of 78 bytes failed: Only part of a ReadProcessMemory or WriteProcessMemory request was completed. (0x12B)
[0808/180557.222:ERROR:process_memory_win.cc(73)] ReadMemory at 0x1522ff0 of 132 bytes failed: Only part of a ReadProcessMemory or WriteProcessMemory request was completed. (0x12B)
[0808/180557.222:ERROR:process_memory_win.cc(73)] ReadMemory at 0x15233b0 of 132 bytes failed: Only part of a ReadProcessMemory or WriteProcessMemory request was completed. (0x12B)
[0808/180557.222:ERROR:process_memory_win.cc(73)] ReadMemory at 0x15236c0 of 132 bytes failed: Only part of a ReadProcessMemory or WriteProcessMemory request was completed. (0x12B)
[0808/180557.222:ERROR:process_memory_win.cc(73)] ReadMemory at 0x15237f0 of 132 bytes failed: Only part of a ReadProcessMemory or WriteProcessMemory request was completed. (0x12B)
[0808/180557.222:ERROR:process_memory_win.cc(73)] ReadMemory at 0x1523920 of 132 bytes failed: Only part of a ReadProcessMemory or WriteProcessMemory request was completed. (0x12B)
[0808/180557.222:ERROR:process_memory_win.cc(73)] ReadMemory at 0x1523a50 of 132 bytes failed: Only part of a ReadProcessMemory or WriteProcessMemory request was completed. (0x12B)
[0808/180557.222:ERROR:process_memory_win.cc(73)] ReadMemory at 0x1523b80 of 132 bytes failed: Only part of a ReadProcessMemory or WriteProcessMemory request was completed. (0x12B)
[0808/180557.223:ERROR:process_memory_win.cc(73)] ReadMemory at 0x1523cb0 of 132 bytes failed: Only part of a ReadProcessMemory or WriteProcessMemory request was completed. (0x12B)
[0808/180557.223:ERROR:process_memory_win.cc(73)] ReadMemory at 0x1523de0 of 132 bytes failed: Only part of a ReadProcessMemory or WriteProcessMemory request was completed. (0x12B)
[0808/180557.223:ERROR:process_memory_win.cc(73)] ReadMemory at 0x1523f10 of 132 bytes failed: Only part of a ReadProcessMemory or WriteProcessMemory request was completed. (0x12B)
[0808/180557.223:ERROR:process_memory_win.cc(73)] ReadMemory at 0x1524040 of 132 bytes failed: Only part of a ReadProcessMemory or WriteProcessMemory request was completed. (0x12B)
[0808/180557.223:ERROR:process_memory_win.cc(73)] ReadMemory at 0x1524170 of 132 bytes failed: Only part of a ReadProcessMemory or WriteProcessMemory request was completed. (0x12B)
[0808/180557.223:ERROR:process_memory_win.cc(73)] ReadMemory at 0x15242a0 of 132 bytes failed: Only part of a ReadProcessMemory or WriteProcessMemory request was completed. (0x12B)
[0808/180557.223:ERROR:process_memory_win.cc(73)] ReadMemory at 0x15243d0 of 132 bytes failed: Only part of a ReadProcessMemory or WriteProcessMemory request was completed. (0x12B)
[0808/180557.223:ERROR:process_memory_win.cc(73)] ReadMemory at 0x1524500 of 132 bytes failed: Only part of a ReadProcessMemory or WriteProcessMemory request was completed. (0x12B)
[0808/180557.224:ERROR:process_memory_win.cc(73)] ReadMemory at 0x15272e0 of 132 bytes failed: Only part of a ReadProcessMemory or WriteProcessMemory request was completed. (0x12B)
[0808/180557.224:ERROR:process_memory_win.cc(73)] ReadMemory at 0x1527410 of 132 bytes failed: Only part of a ReadProcessMemory or WriteProcessMemory request was completed. (0x12B)
[0808/180557.224:ERROR:process_memory_win.cc(73)] ReadMemory at 0x1527540 of 132 bytes failed: Only part of a ReadProcessMemory or WriteProcessMemory request was completed. (0x12B)
[0808/180557.224:ERROR:process_memory_win.cc(73)] ReadMemory at 0x1527670 of 132 bytes failed: Only part of a ReadProcessMemory or WriteProcessMemory request was completed. (0x12B)
[0808/180557.224:ERROR:process_memory_win.cc(73)] ReadMemory at 0x15277a0 of 132 bytes failed: Only part of a ReadProcessMemory or WriteProcessMemory request was completed. (0x12B)
[0808/180557.224:ERROR:process_memory_win.cc(73)] ReadMemory at 0x15278d0 of 132 bytes failed: Only part of a ReadProcessMemory or WriteProcessMemory request was completed. (0x12B)
[0808/180557.224:ERROR:process_memory_win.cc(73)] ReadMemory at 0x1527a00 of 132 bytes failed: Only part of a ReadProcessMemory or WriteProcessMemory request was completed. (0x12B)
[0808/180557.225:ERROR:process_memory_win.cc(73)] ReadMemory at 0x1527b30 of 132 bytes failed: Only part of a ReadProcessMemory or WriteProcessMemory request was completed. (0x12B)
[0808/180557.225:ERROR:process_memory_win.cc(73)] ReadMemory at 0x1527c60 of 132 bytes failed: Only part of a ReadProcessMemory or WriteProcessMemory request was completed. (0x12B)
[0808/180557.225:ERROR:process_memory_win.cc(73)] ReadMemory at 0x1527d90 of 132 bytes failed: Only part of a ReadProcessMemory or WriteProcessMemory request was completed. (0x12B)
[0808/180557.225:ERROR:process_memory_win.cc(73)] ReadMemory at 0x1527ec0 of 132 bytes failed: Only part of a ReadProcessMemory or WriteProcessMemory request was completed. (0x12B)
[0808/180557.225:ERROR:process_memory_win.cc(73)] ReadMemory at 0x1527ff0 of 132 bytes failed: Only part of a ReadProcessMemory or WriteProcessMemory request was completed. (0x12B)
[0808/180557.225:ERROR:process_memory_win.cc(73)] ReadMemory at 0x1528120 of 132 bytes failed: Only part of a ReadProcessMemory or WriteProcessMemory request was completed. (0x12B)
[0808/180557.225:ERROR:process_memory_win.cc(73)] ReadMemory at 0x1528250 of 132 bytes failed: Only part of a ReadProcessMemory or WriteProcessMemory request was completed. (0x12B)
[0808/180557.226:ERROR:process_memory_win.cc(73)] ReadMemory at 0x1528380 of 132 bytes failed: Only part of a ReadProcessMemory or WriteProcessMemory request was completed. (0x12B)
[0808/180557.226:ERROR:process_memory_win.cc(73)] ReadMemory at 0x15284b0 of 132 bytes failed: Only part of a ReadProcessMemory or WriteProcessMemory request was completed. (0x12B)
[0808/180557.226:ERROR:process_memory_win.cc(73)] ReadMemory at 0x15285e0 of 132 bytes failed: Only part of a ReadProcessMemory or WriteProcessMemory request was completed. (0x12B)
[0808/180557.226:ERROR:process_memory_win.cc(73)] ReadMemory at 0x1528710 of 132 bytes failed: Only part of a ReadProcessMemory or WriteProcessMemory request was completed. (0x12B)
[0808/180557.226:ERROR:process_memory_win.cc(73)] ReadMemory at 0x1528840 of 132 bytes failed: Only part of a ReadProcessMemory or WriteProcessMemory request was completed. (0x12B)
[0808/180557.226:ERROR:process_memory_win.cc(73)] ReadMemory at 0x1528970 of 132 bytes failed: Only part of a ReadProcessMemory or WriteProcessMemory request was completed. (0x12B)
[0808/180557.226:ERROR:process_memory_win.cc(73)] ReadMemory at 0x1528aa0 of 132 bytes failed: Only part of a ReadProcessMemory or WriteProcessMemory request was completed. (0x12B)
[0808/180557.227:ERROR:process_memory_win.cc(73)] ReadMemory at 0x1528d00 of 132 bytes failed: Only part of a ReadProcessMemory or WriteProcessMemory request was completed. (0x12B)
[0808/180557.227:ERROR:process_memory_win.cc(73)] ReadMemory at 0x1528e30 of 132 bytes failed: Only part of a ReadProcessMemory or WriteProcessMemory request was completed. (0x12B)
[0808/180557.227:ERROR:process_memory_win.cc(73)] ReadMemory at 0x1528f60 of 132 bytes failed: Only part of a ReadProcessMemory or WriteProcessMemory request was completed. (0x12B)
[0808/180557.227:ERROR:process_memory_win.cc(73)] ReadMemory at 0x1529090 of 132 bytes failed: Only part of a ReadProcessMemory or WriteProcessMemory request was completed. (0x12B)
[0808/180557.227:ERROR:process_memory_win.cc(73)] ReadMemory at 0x15292a0 of 154 bytes failed: Only part of a ReadProcessMemory or WriteProcessMemory request was completed. (0x12B)
[0808/180557.227:ERROR:process_memory_win.cc(73)] ReadMemory at 0x152bb50 of 114 bytes failed: Only part of a ReadProcessMemory or WriteProcessMemory request was completed. (0x12B)
[0808/180557.227:ERROR:process_memory_win.cc(73)] ReadMemory at 0x152de60 of 58 bytes failed: Only part of a ReadProcessMemory or WriteProcessMemory request was completed. (0x12B)
[0808/180557.227:ERROR:process_memory_win.cc(73)] ReadMemory at 0x152e540 of 66 bytes failed: Only part of a ReadProcessMemory or WriteProcessMemory request was completed. (0x12B)
[0808/180557.227:ERROR:process_memory_win.cc(73)] ReadMemory at 0x152e630 of 66 bytes failed: Only part of a ReadProcessMemory or WriteProcessMemory request was completed. (0x12B)
[0808/180557.228:ERROR:process_memory_win.cc(73)] ReadMemory at 0x1533760 of 54 bytes failed: Only part of a ReadProcessMemory or WriteProcessMemory request was completed. (0x12B)
[0808/180557.228:ERROR:process_memory_win.cc(73)] ReadMemory at 0x1538720 of 80 bytes failed: Only part of a ReadProcessMemory or WriteProcessMemory request was completed. (0x12B)
[0808/180557.228:ERROR:process_memory_win.cc(73)] ReadMemory at 0x1552450 of 60 bytes failed: Only part of a ReadProcessMemory or WriteProcessMemory request was completed. (0x12B)
[0808/180557.228:ERROR:process_memory_win.cc(73)] ReadMemory at 0x15524f0 of 64 bytes failed: Only part of a ReadProcessMemory or WriteProcessMemory request was completed. (0x12B)
[0808/180557.228:ERROR:process_memory_win.cc(73)] ReadMemory at 0x1552540 of 64 bytes failed: Only part of a ReadProcessMemory or WriteProcessMemory request was completed. (0x12B)
[0808/180557.228:ERROR:process_memory_win.cc(73)] ReadMemory at 0x15525e0 of 60 bytes failed: Only part of a ReadProcessMemory or WriteProcessMemory request was completed. (0x12B)
[0808/180557.228:ERROR:process_memory_win.cc(73)] ReadMemory at 0x1552630 of 56 bytes failed: Only part of a ReadProcessMemory or WriteProcessMemory request was completed. (0x12B)
[0808/180557.228:ERROR:process_memory_win.cc(73)] ReadMemory at 0x1552680 of 62 bytes failed: Only part of a ReadProcessMemory or WriteProcessMemory request was completed. (0x12B)
[0808/180557.229:ERROR:process_memory_win.cc(73)] ReadMemory at 0x15526d0 of 64 bytes failed: Only part of a ReadProcessMemory or WriteProcessMemory request was completed. (0x12B)
[0808/180557.229:ERROR:process_memory_win.cc(73)] ReadMemory at 0x1552720 of 58 bytes failed: Only part of a ReadProcessMemory or WriteProcessMemory request was completed. (0x12B)
[0808/180557.229:ERROR:process_memory_win.cc(73)] ReadMemory at 0x1552770 of 62 bytes failed: Only part of a ReadProcessMemory or WriteProcessMemory request was completed. (0x12B)
[0808/180557.229:ERROR:process_memory_win.cc(73)] ReadMemory at 0x15529a0 of 62 bytes failed: Only part of a ReadProcessMemory or WriteProcessMemory request was completed. (0x12B)
[0808/180557.229:ERROR:process_memory_win.cc(73)] ReadMemory at 0x15529f0 of 60 bytes failed: Only part of a ReadProcessMemory or WriteProcessMemory request was completed. (0x12B)
[0808/180557.230:ERROR:process_memory_win.cc(73)] ReadMemory at 0x1552b30 of 62 bytes failed: Only part of a ReadProcessMemory or WriteProcessMemory request was completed. (0x12B)
[0808/180557.230:ERROR:process_memory_win.cc(73)] ReadMemory at 0x1552bd0 of 60 bytes failed: Only part of a ReadProcessMemory or WriteProcessMemory request was completed. (0x12B)
[0808/180557.230:ERROR:process_memory_win.cc(73)] ReadMemory at 0x1552c70 of 64 bytes failed: Only part of a ReadProcessMemory or WriteProcessMemory request was completed. (0x12B)
[0808/180557.230:ERROR:process_memory_win.cc(73)] ReadMemory at 0x1552cc0 of 62 bytes failed: Only part of a ReadProcessMemory or WriteProcessMemory request was completed. (0x12B)
[0808/180557.230:ERROR:process_memory_win.cc(73)] ReadMemory at 0x1552d10 of 64 bytes failed: Only part of a ReadProcessMemory or WriteProcessMemory request was completed. (0x12B)
[0808/180557.230:ERROR:process_memory_win.cc(73)] ReadMemory at 0x1552db0 of 64 bytes failed: Only part of a ReadProcessMemory or WriteProcessMemory request was completed. (0x12B)
[0808/180557.230:ERROR:process_memory_win.cc(73)] ReadMemory at 0x1552e00 of 64 bytes failed: Only part of a ReadProcessMemory or WriteProcessMemory request was completed. (0x12B)
[0808/180557.230:ERROR:process_memory_win.cc(73)] ReadMemory at 0x1552e50 of 62 bytes failed: Only part of a ReadProcessMemory or WriteProcessMemory request was completed. (0x12B)
[0808/180557.231:ERROR:process_memory_win.cc(73)] ReadMemory at 0x1553030 of 62 bytes failed: Only part of a ReadProcessMemory or WriteProcessMemory request was completed. (0x12B)
[0808/180557.231:ERROR:process_memory_win.cc(73)] ReadMemory at 0x1553080 of 64 bytes failed: Only part of a ReadProcessMemory or WriteProcessMemory request was completed. (0x12B)
[0808/180557.231:ERROR:process_memory_win.cc(73)] ReadMemory at 0x1553120 of 60 bytes failed: Only part of a ReadProcessMemory or WriteProcessMemory request was completed. (0x12B)
[0808/180557.231:ERROR:process_memory_win.cc(73)] ReadMemory at 0x1553170 of 58 bytes failed: Only part of a ReadProcessMemory or WriteProcessMemory request was completed. (0x12B)
[0808/180557.231:ERROR:process_memory_win.cc(73)] ReadMemory at 0x15531c0 of 60 bytes failed: Only part of a ReadProcessMemory or WriteProcessMemory request was completed. (0x12B)
[0808/180557.231:ERROR:process_memory_win.cc(73)] ReadMemory at 0x1553210 of 60 bytes failed: Only part of a ReadProcessMemory or WriteProcessMemory request was completed. (0x12B)
[0808/180557.231:ERROR:process_memory_win.cc(73)] ReadMemory at 0x1553260 of 58 bytes failed: Only part of a ReadProcessMemory or WriteProcessMemory request was completed. (0x12B)
[0808/180557.231:ERROR:process_memory_win.cc(73)] ReadMemory at 0x15548d0 of 158 bytes failed: Only part of a ReadProcessMemory or WriteProcessMemory request was completed. (0x12B)
[0808/180557.231:ERROR:process_memory_win.cc(73)] ReadMemory at 0x15553a0 of 132 bytes failed: Only part of a ReadProcessMemory or WriteProcessMemory request was completed. (0x12B)
[0808/180557.232:ERROR:process_memory_win.cc(73)] ReadMemory at 0x1555600 of 132 bytes failed: Only part of a ReadProcessMemory or WriteProcessMemory request was completed. (0x12B)
[0808/180557.232:ERROR:process_memory_win.cc(73)] ReadMemory at 0x1555730 of 132 bytes failed: Only part of a ReadProcessMemory or WriteProcessMemory request was completed. (0x12B)
[0808/180557.232:ERROR:process_memory_win.cc(73)] ReadMemory at 0x1555860 of 132 bytes failed: Only part of a ReadProcessMemory or WriteProcessMemory request was completed. (0x12B)
[0808/180557.232:ERROR:process_memory_win.cc(73)] ReadMemory at 0x1555ac0 of 132 bytes failed: Only part of a ReadProcessMemory or WriteProcessMemory request was completed. (0x12B)
[0808/180557.232:ERROR:process_memory_win.cc(73)] ReadMemory at 0x1555bf0 of 132 bytes failed: Only part of a ReadProcessMemory or WriteProcessMemory request was completed. (0x12B)
[0808/180557.232:ERROR:process_memory_win.cc(73)] ReadMemory at 0x1555e50 of 132 bytes failed: Only part of a ReadProcessMemory or WriteProcessMemory request was completed. (0x12B)
[0808/180557.232:ERROR:process_memory_win.cc(73)] ReadMemory at 0x15560b0 of 132 bytes failed: Only part of a ReadProcessMemory or WriteProcessMemory request was completed. (0x12B)
[0808/180557.232:ERROR:process_memory_win.cc(73)] ReadMemory at 0x1556570 of 132 bytes failed: Only part of a ReadProcessMemory or WriteProcessMemory request was completed. (0x12B)
[0808/180557.232:ERROR:process_memory_win.cc(73)] ReadMemory at 0x15567d0 of 132 bytes failed: Only part of a ReadProcessMemory or WriteProcessMemory request was completed. (0x12B)
[0808/180557.233:ERROR:process_memory_win.cc(73)] ReadMemory at 0x155c650 of 246 bytes failed: Only part of a ReadProcessMemory or WriteProcessMemory request was completed. (0x12B)
[0808/180557.233:ERROR:process_memory_win.cc(73)] ReadMemory at 0x7ffd0223d940 of 512 bytes failed: Only part of a ReadProcessMemory or WriteProcessMemory request was completed. (0x12B)
[0808/180557.233:ERROR:process_memory_win.cc(73)] ReadMemory at 0x7ffd07f815f3 of 512 bytes failed: Only part of a ReadProcessMemory or WriteProcessMemory request was completed. (0x12B)
[0808/180557.233:ERROR:process_memory_win.cc(73)] ReadMemory at 0x7ffd07f8afa4 of 512 bytes failed: Only part of a ReadProcessMemory or WriteProcessMemory request was completed. (0x12B)
[0808/180557.233:ERROR:process_memory_win.cc(73)] ReadMemory at 0x7ffd080101e0 of 18 bytes failed: Only part of a ReadProcessMemory or WriteProcessMemory request was completed. (0x12B)
[0808/180557.233:ERROR:process_memory_win.cc(73)] ReadMemory at 0x7ffd080465b0 of 40 bytes failed: Only part of a ReadProcessMemory or WriteProcessMemory request was completed. (0x12B)
[0808/180557.233:ERROR:process_memory_win.cc(73)] ReadMemory at 0x7ffd08046a08 of 48 bytes failed: Only part of a ReadProcessMemory or WriteProcessMemory request was completed. (0x12B)
[0808/180557.234:ERROR:process_memory_win.cc(73)] ReadMemory at 0x7ffd0804c360 of 64 bytes failed: Only part of a ReadProcessMemory or WriteProcessMemory request was completed. (0x12B)
[0808/180557.238:ERROR:scoped_process_suspend.cc(40)] NtResumeProcess: An attempt was made to access an exiting process. (0xc000010a)
[0809/222404.626:ERROR:process_reader_win.cc(151)] SuspendThread: Access is denied. (0x5)
